<?xml version="1.0" encoding="UTF-8"?>
<!-- Generated by org.testng.reporters.JUnitXMLReporter -->
<testsuite ignored="0" hostname="Cheerambathel--Archidh" failures="0" tests="27" name="My Test" time="51.18" errors="0" timestamp="2023-03-01T00:29:22 IST">
  <testcase classname="testCases.LoginPageTestCases" name="verifyTheBrandTextDisplayedInTheLoginPage" time="0.035"/>
  <testcase classname="testCases.LoginPageTestCases" name="verifyTheTextOnSignInBUtton" time="0.021"/>
  <testcase classname="testCases.LoginPageTestCases" name="verifyTheUncheckOfRememberMeCheckBox" time="0.058"/>
  <testcase classname="testCases.AdminUsersPageTestCases" name="additionOfManavAsAdminUser" time="1.057"/>
  <testcase classname="testCases.AdminUsersPageTestCases" name="verifyTheAdditionOfManavAsAdminUser" time="0.749"/>
  <testcase classname="testCases.AdminUsersPageTestCases" name="verifyTheCurrentUrlOfThePage" time="0.476"/>
  <testcase classname="testCases.HomePageTestCases" name="verifyTheLogOutOfUserFromTheApplication" time="0.464"/>
  <testcase classname="testCases.HomePageTestCases" name="verifyThePresenceOfBrandText" time="0.307"/>
  <testcase classname="testCases.ManageExpensePageTestCases" name="verifyTheSelectionOfManageExpenseUnderManageExpenseDropDown" time="0.617"/>
  <testcase classname="testCases.ManageLocationPageTestCases" name="verifyTheDeliveryChargeForDerbyState" time="0.678"/>
  <testcase classname="testCases.ManageLocationPageTestCases" name="verifyTheStatusOfCornwallState" time="0.863"/>
  <testcase classname="testCases.ManageOrderPageTestCases" name="verifyTheStatusOfOrderId295" time="0.814"/>
  <testcase classname="testCases.ManagePaymentMethodPageTestCases" name="verifyTheTitleOfManagePaymentMethodPage" time="0.425"/>
  <testcase classname="testCases.ManageProductPageTestCases" name="verifyTheAlertTextAfterClickingDeleteButtonCorrespondingToParachuteCoconutOil" time="0.776"/>
  <testcase classname="testCases.ManageProductPageTestCases" name="verifyTheBackgroundColorOfNewButton" time="0.476"/>
  <testcase classname="testCases.ManageProductPageTestCases" name="verifyTheBackgroundColorOfResetButton" time="0.568"/>
  <testcase classname="testCases.ManageProductPageTestCases" name="verifyTheBackgroundColorOfSearchButton" time="0.509"/>
  <testcase classname="testCases.ManageProductPageTestCases" name="verifyTheBorderColorOfNewButton" time="0.569"/>
  <testcase classname="testCases.ManageProductPageTestCases" name="verifyTheFontColorOfResetButton" time="0.504"/>
  <testcase classname="testCases.ManageProductPageTestCases" name="verifyTheListedItemsInTheTitleColumnUnderRedMeatSearch" time="1.105"/>
  <testcase classname="testCases.ManageProductPageTestCases" name="verifyTheSelectedValueInTheCategoryTab" time="0.626"/>
  <testcase classname="testCases.ManageSliderPageTestCases" name="addNewSliderInformationForMattaRice" time="1.909"/>
  <testcase classname="testCases.ManageSliderPageTestCases" name="scrollManageSlidePage" time="0.585"/>
  <testcase classname="testCases.ManageSliderPageTestCases" name="verifyTheCurrentPageURL" time="0.428"/>
  <testcase classname="testCases.ManageUsersTestCases" name="verifyTheStatusOfTester003" time="0.575"/>
  <testcase classname="testCases.VerifyUsersPageTestCases" name="verifyTheStatusActiveForSearchListUsers" time="0.905"/>
  <testcase classname="testCases.VerifyUsersPageTestCases" name="verifyTheTagNameofVerifyUsersTab" time="0.326"/>
</testsuite> <!-- My Test -->
