<?xml version="1.0" encoding="UTF-8"?>
<!-- Generated by org.testng.reporters.JUnitXMLReporter -->
<testsuite ignored="0" hostname="Cheerambathel--Archidh" failures="0" tests="3" name="My Test" time="6.299" errors="0" timestamp="2023-02-27T08:39:06 IST">
  <testcase classname="testCases.LoginPageTestCases" name="verifyTheBrandTextDisplayedInTheLoginPage" time="0.058"/>
  <testcase classname="testCases.LoginPageTestCases" name="verifyTheTextOnSignInBUtton" time="0.024"/>
  <testcase classname="testCases.LoginPageTestCases" name="verifyTheUncheckOfRememberMeCheckBox" time="0.059"/>
</testsuite> <!-- My Test -->
